Release 13.2 - xst O.61xd (lin64)
Copyright (c) 1995-2011 Xilinx, Inc.  All rights reserved.
--> 
Parameter TMPDIR set to xst/projnav.tmp


Total REAL time to Xst completion: 0.00 secs
Total CPU time to Xst completion: 0.05 secs
 
--> 
Parameter xsthdpdir set to xst


Total REAL time to Xst completion: 0.00 secs
Total CPU time to Xst completion: 0.05 secs
 
--> 
Reading design: top.prj

TABLE OF CONTENTS
  1) Synthesis Options Summary
  2) HDL Compilation
  3) Design Hierarchy Analysis
  4) HDL Analysis
  5) HDL Synthesis
     5.1) HDL Synthesis Report
  6) Advanced HDL Synthesis
     6.1) Advanced HDL Synthesis Report
  7) Low Level Synthesis
  8) Partition Report
  9) Final Report
	9.1) Device utilization summary
	9.2) Partition Resource Summary
	9.3) TIMING REPORT


=========================================================================
*                      Synthesis Options Summary                        *
=========================================================================
---- Source Parameters
Input File Name                    : "top.prj"
Input Format                       : mixed
Ignore Synthesis Constraint File   : NO

---- Target Parameters
Output File Name                   : "top"
Output Format                      : NGC
Target Device                      : xc3s500e-4-fg320

---- Source Options
Top Module Name                    : top
Automatic FSM Extraction           : YES
FSM Encoding Algorithm             : Auto
Safe Implementation                : No
FSM Style                          : LUT
RAM Extraction                     : Yes
RAM Style                          : Auto
ROM Extraction                     : Yes
Mux Style                          : Auto
Decoder Extraction                 : YES
Priority Encoder Extraction        : Yes
Shift Register Extraction          : YES
Logical Shifter Extraction         : YES
XOR Collapsing                     : YES
ROM Style                          : Auto
Mux Extraction                     : Yes
Resource Sharing                   : YES
Asynchronous To Synchronous        : NO
Multiplier Style                   : Auto
Automatic Register Balancing       : No

---- Target Options
Add IO Buffers                     : YES
Global Maximum Fanout              : 500
Add Generic Clock Buffer(BUFG)     : 24
Register Duplication               : YES
Slice Packing                      : YES
Optimize Instantiated Primitives   : NO
Use Clock Enable                   : Yes
Use Synchronous Set                : Yes
Use Synchronous Reset              : Yes
Pack IO Registers into IOBs        : Auto
Equivalent register Removal        : YES

---- General Options
Optimization Goal                  : Speed
Optimization Effort                : 1
Keep Hierarchy                     : No
Netlist Hierarchy                  : As_Optimized
RTL Output                         : Yes
Global Optimization                : AllClockNets
Read Cores                         : YES
Write Timing Constraints           : NO
Cross Clock Analysis               : NO
Hierarchy Separator                : /
Bus Delimiter                      : <>
Case Specifier                     : Maintain
Slice Utilization Ratio            : 100
BRAM Utilization Ratio             : 100
Verilog 2001                       : YES
Auto BRAM Packing                  : NO
Slice Utilization Ratio Delta      : 5

=========================================================================


=========================================================================
*                          HDL Compilation                              *
=========================================================================
Compiling verilog file "LCD_driver.v" in library work
Compiling verilog file "fsm2.v" in library work
Module <LCD_driver> compiled
Compiling verilog file "fsm1.v" in library work
Module <fsm2> compiled
Compiling verilog file "BTN_memory.v" in library work
Module <fsm1> compiled
Compiling verilog file "top.v" in library work
Module <BTN_memory> compiled
Module <top> compiled
No errors in compilation
Analysis of file <"top.prj"> succeeded.
 

=========================================================================
*                     Design Hierarchy Analysis                         *
=========================================================================
Analyzing hierarchy for module <top> in library <work>.

Analyzing hierarchy for module <BTN_memory> in library <work>.

Analyzing hierarchy for module <fsm1> in library <work>.

Analyzing hierarchy for module <fsm2> in library <work>.

Analyzing hierarchy for module <LCD_driver> in library <work>.


=========================================================================
*                            HDL Analysis                               *
=========================================================================
Analyzing top module <top>.
Module <top> is correct for synthesis.
 
Analyzing module <BTN_memory> in library <work>.
Module <BTN_memory> is correct for synthesis.
 
Analyzing module <fsm1> in library <work>.
Module <fsm1> is correct for synthesis.
 
Analyzing module <fsm2> in library <work>.
Module <fsm2> is correct for synthesis.
 
Analyzing module <LCD_driver> in library <work>.
Module <LCD_driver> is correct for synthesis.
 

=========================================================================
*                           HDL Synthesis                               *
=========================================================================

Performing bidirectional port resolution...

Synthesizing Unit <BTN_memory>.
    Related source file is "BTN_memory.v".
    Found 3-bit register for signal <in1>.
    Found 3-bit register for signal <in2>.
    Summary:
	inferred   6 D-type flip-flop(s).
Unit <BTN_memory> synthesized.


Synthesizing Unit <fsm1>.
    Related source file is "fsm1.v".
    Found 1-bit register for signal <out>.
    Found 25-bit up counter for signal <count>.
    Summary:
	inferred   1 Counter(s).
	inferred   1 D-type flip-flop(s).
Unit <fsm1> synthesized.


Synthesizing Unit <fsm2>.
    Related source file is "fsm2.v".
    Found 1-bit register for signal <out1>.
    Found 1-bit register for signal <out2>.
    Found 1-bit register for signal <out3>.
    Found 1-bit register for signal <out4>.
    Summary:
	inferred   4 D-type flip-flop(s).
Unit <fsm2> synthesized.


Synthesizing Unit <LCD_driver>.
    Related source file is "LCD_driver.v".
    Found 16x8-bit ROM for signal <LCD>.
    Summary:
	inferred   1 ROM(s).
Unit <LCD_driver> synthesized.


Synthesizing Unit <top>.
    Related source file is "top.v".
WARNING:Xst:1780 - Signal <temp> is never used or assigned. This unconnected signal will be trimmed during the optimization process.
WARNING:Xst:653 - Signal <result> is used but never assigned. This sourceless signal will be automatically connected to value 0.
WARNING:Xst:646 - Signal <in2> is assigned but never used. This unconnected signal will be trimmed during the optimization process.
WARNING:Xst:646 - Signal <in1> is assigned but never used. This unconnected signal will be trimmed during the optimization process.
Unit <top> synthesized.


=========================================================================
HDL Synthesis Report

Macro Statistics
# ROMs                                                 : 1
 16x8-bit ROM                                          : 1
# Counters                                             : 1
 25-bit up counter                                     : 1
# Registers                                            : 7
 1-bit register                                        : 5
 3-bit register                                        : 2

=========================================================================

=========================================================================
*                       Advanced HDL Synthesis                          *
=========================================================================

WARNING:Xst:1290 - Hierarchical block <u_BTN_memory> is unconnected in block <top>.
   It will be removed from the design.

=========================================================================
Advanced HDL Synthesis Report

Macro Statistics
# ROMs                                                 : 1
 16x8-bit ROM                                          : 1
# Counters                                             : 1
 25-bit up counter                                     : 1
# Registers                                            : 11
 Flip-Flops                                            : 11

=========================================================================

=========================================================================
*                         Low Level Synthesis                           *
=========================================================================
WARNING:Xst:2677 - Node <u_BTN_memory/in2_2> of sequential type is unconnected in block <top>.
WARNING:Xst:2677 - Node <u_BTN_memory/in2_1> of sequential type is unconnected in block <top>.
WARNING:Xst:2677 - Node <u_BTN_memory/in2_0> of sequential type is unconnected in block <top>.
WARNING:Xst:2677 - Node <u_BTN_memory/in1_2> of sequential type is unconnected in block <top>.
WARNING:Xst:2677 - Node <u_BTN_memory/in1_1> of sequential type is unconnected in block <top>.
WARNING:Xst:2677 - Node <u_BTN_memory/in1_0> of sequential type is unconnected in block <top>.

Optimizing unit <top> ...

Optimizing unit <fsm2> ...

Mapping all equations...
Building and optimizing final netlist ...
Found area constraint ratio of 100 (+ 5) on block top, actual ratio is 0.

Final Macro Processing ...

=========================================================================
Final Register Report

Macro Statistics
# Registers                                            : 30
 Flip-Flops                                            : 30

=========================================================================

=========================================================================
*                           Partition Report                            *
=========================================================================

Partition Implementation Status
-------------------------------

  No Partitions were found in this design.

-------------------------------

=========================================================================
*                            Final Report                               *
=========================================================================
Final Results
RTL Top Level Output File Name     : top.ngr
Top Level Output File Name         : top
Output Format                      : NGC
Optimization Goal                  : Speed
Keep Hierarchy                     : No

Design Statistics
# IOs                              : 22

Cell Usage :
# BELS                             : 124
#      GND                         : 1
#      INV                         : 1
#      LUT1                        : 25
#      LUT2                        : 25
#      LUT2_D                      : 1
#      LUT4                        : 12
#      MUXCY                       : 31
#      MUXF5                       : 2
#      VCC                         : 1
#      XORCY                       : 25
# FlipFlops/Latches                : 30
#      FDC                         : 29
#      FDP                         : 1
# Clock Buffers                    : 1
#      BUFGP                       : 1
# IO Buffers                       : 17
#      IBUF                        : 1
#      OBUF                        : 16
=========================================================================

Device utilization summary:
---------------------------

Selected Device : 3s500efg320-4 

 Number of Slices:                       36  out of   4656     0%  
 Number of Slice Flip Flops:             30  out of   9312     0%  
 Number of 4 input LUTs:                 64  out of   9312     0%  
 Number of IOs:                          22
 Number of bonded IOBs:                  18  out of    232     7%  
 Number of GCLKs:                         1  out of     24     4%  

---------------------------
Partition Resource Summary:
---------------------------

  No Partitions were found in this design.

---------------------------


=========================================================================
TIMING REPORT

NOTE: THESE TIMING NUMBERS ARE ONLY A SYNTHESIS ESTIMATE.
      FOR ACCURATE TIMING INFORMATION PLEASE REFER TO THE TRACE REPORT
      GENERATED AFTER PLACE-and-ROUTE.

Clock Information:
------------------
-----------------------------------+------------------------+-------+
Clock Signal                       | Clock buffer(FF name)  | Load  |
-----------------------------------+------------------------+-------+
clk                                | BUFGP                  | 30    |
-----------------------------------+------------------------+-------+

Asynchronous Control Signals Information:
----------------------------------------
-----------------------------------+------------------------+-------+
Control Signal                     | Buffer(FF name)        | Load  |
-----------------------------------+------------------------+-------+
reset                              | IBUF                   | 30    |
-----------------------------------+------------------------+-------+

Timing Summary:
---------------
Speed Grade: -4

   Minimum period: 5.994ns (Maximum Frequency: 166.833MHz)
   Minimum input arrival time before clock: No path found
   Maximum output required time after clock: 4.571ns
   Maximum combinational path delay: No path found

Timing Detail:
--------------
All values displayed in nanoseconds (ns)

=========================================================================
Timing constraint: Default period analysis for Clock 'clk'
  Clock period: 5.994ns (frequency: 166.833MHz)
  Total number of paths / destination ports: 1003 / 30
-------------------------------------------------------------------------
Delay:               5.994ns (Levels of Logic = 26)
  Source:            u_fsm1/count_1 (FF)
  Destination:       u_fsm1/count_24 (FF)
  Source Clock:      clk rising
  Destination Clock: clk rising

  Data Path: u_fsm1/count_1 to u_fsm1/count_24
                                Gate     Net
    Cell:in->out      fanout   Delay   Delay  Logical Name (Net Name)
    ----------------------------------------  ------------
     FDC:C->Q              2   0.591   0.622  u_fsm1/count_1 (u_fsm1/count_1)
     LUT1:I0->O            1   0.704   0.000  u_fsm1/Mcount_count_cy<1>_rt (u_fsm1/Mcount_count_cy<1>_rt)
     MUXCY:S->O            1   0.464   0.000  u_fsm1/Mcount_count_cy<1> (u_fsm1/Mcount_count_cy<1>)
     MUXCY:CI->O           1   0.059   0.000  u_fsm1/Mcount_count_cy<2> (u_fsm1/Mcount_count_cy<2>)
     MUXCY:CI->O           1   0.059   0.000  u_fsm1/Mcount_count_cy<3> (u_fsm1/Mcount_count_cy<3>)
     MUXCY:CI->O           1   0.059   0.000  u_fsm1/Mcount_count_cy<4> (u_fsm1/Mcount_count_cy<4>)
     MUXCY:CI->O           1   0.059   0.000  u_fsm1/Mcount_count_cy<5> (u_fsm1/Mcount_count_cy<5>)
     MUXCY:CI->O           1   0.059   0.000  u_fsm1/Mcount_count_cy<6> (u_fsm1/Mcount_count_cy<6>)
     MUXCY:CI->O           1   0.059   0.000  u_fsm1/Mcount_count_cy<7> (u_fsm1/Mcount_count_cy<7>)
     MUXCY:CI->O           1   0.059   0.000  u_fsm1/Mcount_count_cy<8> (u_fsm1/Mcount_count_cy<8>)
     MUXCY:CI->O           1   0.059   0.000  u_fsm1/Mcount_count_cy<9> (u_fsm1/Mcount_count_cy<9>)
     MUXCY:CI->O           1   0.059   0.000  u_fsm1/Mcount_count_cy<10> (u_fsm1/Mcount_count_cy<10>)
     MUXCY:CI->O           1   0.059   0.000  u_fsm1/Mcount_count_cy<11> (u_fsm1/Mcount_count_cy<11>)
     MUXCY:CI->O           1   0.059   0.000  u_fsm1/Mcount_count_cy<12> (u_fsm1/Mcount_count_cy<12>)
     MUXCY:CI->O           1   0.059   0.000  u_fsm1/Mcount_count_cy<13> (u_fsm1/Mcount_count_cy<13>)
     MUXCY:CI->O           1   0.059   0.000  u_fsm1/Mcount_count_cy<14> (u_fsm1/Mcount_count_cy<14>)
     MUXCY:CI->O           1   0.059   0.000  u_fsm1/Mcount_count_cy<15> (u_fsm1/Mcount_count_cy<15>)
     MUXCY:CI->O           1   0.059   0.000  u_fsm1/Mcount_count_cy<16> (u_fsm1/Mcount_count_cy<16>)
     MUXCY:CI->O           1   0.059   0.000  u_fsm1/Mcount_count_cy<17> (u_fsm1/Mcount_count_cy<17>)
     MUXCY:CI->O           1   0.059   0.000  u_fsm1/Mcount_count_cy<18> (u_fsm1/Mcount_count_cy<18>)
     MUXCY:CI->O           1   0.059   0.000  u_fsm1/Mcount_count_cy<19> (u_fsm1/Mcount_count_cy<19>)
     MUXCY:CI->O           1   0.059   0.000  u_fsm1/Mcount_count_cy<20> (u_fsm1/Mcount_count_cy<20>)
     MUXCY:CI->O           1   0.059   0.000  u_fsm1/Mcount_count_cy<21> (u_fsm1/Mcount_count_cy<21>)
     MUXCY:CI->O           1   0.059   0.000  u_fsm1/Mcount_count_cy<22> (u_fsm1/Mcount_count_cy<22>)
     MUXCY:CI->O           0   0.059   0.000  u_fsm1/Mcount_count_cy<23> (u_fsm1/Mcount_count_cy<23>)
     XORCY:CI->O           1   0.804   0.499  u_fsm1/Mcount_count_xor<24> (Result<24>)
     LUT2:I1->O            1   0.704   0.000  u_fsm1/Mcount_count_eqn_241 (u_fsm1/Mcount_count_eqn_24)
     FDC:D                     0.308          u_fsm1/count_24
    ----------------------------------------
    Total                      5.994ns (4.873ns logic, 1.121ns route)
                                       (81.3% logic, 18.7% route)

=========================================================================
Timing constraint: Default OFFSET OUT AFTER for Clock 'clk'
  Total number of paths / destination ports: 4 / 4
-------------------------------------------------------------------------
Offset:              4.571ns (Levels of Logic = 1)
  Source:            u_fsm2/out1 (FF)
  Destination:       LED<3> (PAD)
  Source Clock:      clk rising

  Data Path: u_fsm2/out1 to LED<3>
                                Gate     Net
    Cell:in->out      fanout   Delay   Delay  Logical Name (Net Name)
    ----------------------------------------  ------------
     FDP:C->Q              7   0.591   0.708  u_fsm2/out1 (u_fsm2/out1)
     OBUF:I->O                 3.272          LED_3_OBUF (LED<3>)
    ----------------------------------------
    Total                      4.571ns (3.863ns logic, 0.708ns route)
                                       (84.5% logic, 15.5% route)

=========================================================================


Total REAL time to Xst completion: 5.00 secs
Total CPU time to Xst completion: 4.14 secs
 
--> 


Total memory usage is 443172 kilobytes

Number of errors   :    0 (   0 filtered)
Number of warnings :   12 (   0 filtered)
Number of infos    :    0 (   0 filtered)

